2023-03-30T14:10:49+00:00 DEBUG tt4b_product_sync: missing access token for tt4b_product_sync
2023-03-30T14:10:49+00:00 DEBUG tt4b_product_sync: missing access token for tt4b_product_sync
2023-03-30T14:10:52+00:00 DEBUG tt4b_product_sync: missing access token for tt4b_product_sync
2023-03-30T14:10:52+00:00 DEBUG tt4b_product_sync: missing access token for tt4b_product_sync
2023-03-30T14:11:15+00:00 DEBUG tt4b_product_sync: missing access token for tt4b_product_sync
2023-03-30T14:13:16+00:00 DEBUG tt4b_product_sync: missing access token for tt4b_product_sync
2023-03-30T14:15:26+00:00 DEBUG tt4b_product_sync: missing access token for tt4b_product_sync
2023-03-30T14:17:10+00:00 DEBUG tt4b_product_sync: missing access token for tt4b_product_sync
2023-03-30T14:18:20+00:00 DEBUG tt4b_product_sync: missing access token for tt4b_product_sync
2023-03-30T14:20:10+00:00 DEBUG tt4b_product_sync: missing access token for tt4b_product_sync
2023-03-30T14:20:25+00:00 DEBUG tt4b_product_sync: missing access token for tt4b_product_sync
2023-03-30T14:20:42+00:00 DEBUG tt4b_product_sync: missing access token for tt4b_product_sync
2023-03-30T14:21:21+00:00 DEBUG tt4b_product_sync: missing access token for tt4b_product_sync
2023-03-30T14:21:33+00:00 DEBUG tt4b_product_sync: missing access token for tt4b_product_sync
2023-03-30T14:22:43+00:00 DEBUG tt4b_product_sync: missing access token for tt4b_product_sync
2023-03-30T14:23:18+00:00 DEBUG tt4b_product_sync: missing access token for tt4b_product_sync
2023-03-30T14:24:15+00:00 DEBUG Tt4b_Pixel_Class::inject_add_to_cart_event: hit injectAddToCartEvent
2023-03-30T14:24:15+00:00 DEBUG Tt4b_Pixel_Class::inject_add_to_cart_event: Missing option "access_token"
2023-03-30T14:24:19+00:00 DEBUG Tt4b_Pixel_Class::inject_add_to_cart_event: hit injectAddToCartEvent
2023-03-30T14:24:19+00:00 DEBUG Tt4b_Pixel_Class::inject_add_to_cart_event: Missing option "access_token"
2023-03-30T14:24:31+00:00 DEBUG Tt4b_Pixel_Class::inject_start_checkout: hit injectStartCheckout
2023-03-30T14:24:31+00:00 DEBUG Tt4b_Pixel_Class::inject_start_checkout: Missing option "access_token"
2023-03-30T14:25:00+00:00 DEBUG tt4b_product_sync: missing access token for tt4b_product_sync
2023-03-30T14:25:02+00:00 DEBUG tt4b_product_sync: missing access token for tt4b_product_sync
2023-03-30T14:44:08+00:00 DEBUG Tt4b_Pixel_Class::inject_start_checkout: hit injectStartCheckout
2023-03-30T14:44:08+00:00 DEBUG Tt4b_Pixel_Class::inject_start_checkout: Missing option "access_token"
2023-03-30T14:48:46+00:00 DEBUG Tt4b_Pixel_Class::inject_add_to_cart_event: hit injectAddToCartEvent
2023-03-30T14:48:46+00:00 DEBUG Tt4b_Pixel_Class::inject_add_to_cart_event: Missing option "access_token"
2023-03-30T14:48:54+00:00 DEBUG Tt4b_Pixel_Class::inject_add_to_cart_event: hit injectAddToCartEvent
2023-03-30T14:48:54+00:00 DEBUG Tt4b_Pixel_Class::inject_add_to_cart_event: Missing option "access_token"
2023-03-30T14:49:05+00:00 DEBUG Tt4b_Pixel_Class::inject_start_checkout: hit injectStartCheckout
2023-03-30T14:49:05+00:00 DEBUG Tt4b_Pixel_Class::inject_start_checkout: Missing option "access_token"
2023-03-30T14:50:38+00:00 DEBUG Tt4b_Pixel_Class::inject_purchase_event: hit injectPurchaseEvent
2023-03-30T14:50:38+00:00 DEBUG Tt4b_Pixel_Class::inject_purchase_event: Missing option "access_token"
2023-03-30T15:02:51+00:00 DEBUG Tt4b_Pixel_Class::inject_add_to_cart_event: hit injectAddToCartEvent
2023-03-30T15:02:51+00:00 DEBUG Tt4b_Pixel_Class::inject_add_to_cart_event: Missing option "access_token"
2023-03-30T15:02:55+00:00 DEBUG Tt4b_Pixel_Class::inject_start_checkout: hit injectStartCheckout
2023-03-30T15:02:55+00:00 DEBUG Tt4b_Pixel_Class::inject_start_checkout: Missing option "access_token"
2023-03-30T15:03:58+00:00 DEBUG Tt4b_Pixel_Class::inject_purchase_event: hit injectPurchaseEvent
2023-03-30T15:03:58+00:00 DEBUG Tt4b_Pixel_Class::inject_purchase_event: Missing option "access_token"
2023-03-30T15:12:57+00:00 DEBUG Tt4b_Pixel_Class::inject_add_to_cart_event: hit injectAddToCartEvent
2023-03-30T15:12:57+00:00 DEBUG Tt4b_Pixel_Class::inject_add_to_cart_event: Missing option "access_token"
2023-03-30T15:13:05+00:00 DEBUG Tt4b_Pixel_Class::inject_start_checkout: hit injectStartCheckout
2023-03-30T15:13:05+00:00 DEBUG Tt4b_Pixel_Class::inject_start_checkout: Missing option "access_token"
